0 info it worked if it ends with ok
1 verbose cli [ '/opt/node-v6.4.0-linux-x64/bin/node',
1 verbose cli   '/opt/node/bin/npm',
1 verbose cli   'start' ]
2 info using npm@3.10.3
3 info using node@v6.4.0
4 verbose run-script [ 'prestart', 'start', 'poststart' ]
5 info lifecycle hack-cabmates-api@1.0.0~prestart: hack-cabmates-api@1.0.0
6 silly lifecycle hack-cabmates-api@1.0.0~prestart: no script for prestart, continuing
7 info lifecycle hack-cabmates-api@1.0.0~start: hack-cabmates-api@1.0.0
8 verbose lifecycle hack-cabmates-api@1.0.0~start: unsafe-perm in lifecycle true
9 verbose lifecycle hack-cabmates-api@1.0.0~start: PATH: /opt/node-v6.4.0-linux-x64/lib/node_modules/npm/bin/node-gyp-bin:/home/chanana/projects/hackslash/Api/node_modules/.bin:/opt/node-v6.4.0-linux-x64/bin:/usr/local/heroku/bin:/home/chanana/.sdkman/candidates/grails/current/bin:/home/chanana/bin:/usr/local/sbin:/usr/local/bin:/usr/sbin:/usr/bin:/sbin:/bin:/usr/games:/usr/local/games:/opt/groovy/bin:/opt/node/bin:/opt/jdk/bin:/opt/grails/bin:/opt/idea/bin:/home/bootcamp/bin:/home/bootcamp/bin/~/myScripts:/opt/webstorm/bin:/opt/elastic/bin
10 verbose lifecycle hack-cabmates-api@1.0.0~start: CWD: /home/chanana/projects/hackslash/Api
11 silly lifecycle hack-cabmates-api@1.0.0~start: Args: [ '-c', 'node ./dist/index.js' ]
12 silly lifecycle hack-cabmates-api@1.0.0~start: Returned: code: 1  signal: null
13 info lifecycle hack-cabmates-api@1.0.0~start: Failed to exec start script
14 verbose stack Error: hack-cabmates-api@1.0.0 start: `node ./dist/index.js`
14 verbose stack Exit status 1
14 verbose stack     at EventEmitter.<anonymous> (/opt/node-v6.4.0-linux-x64/lib/node_modules/npm/lib/utils/lifecycle.js:242:16)
14 verbose stack     at emitTwo (events.js:106:13)
14 verbose stack     at EventEmitter.emit (events.js:191:7)
14 verbose stack     at ChildProcess.<anonymous> (/opt/node-v6.4.0-linux-x64/lib/node_modules/npm/lib/utils/spawn.js:40:14)
14 verbose stack     at emitTwo (events.js:106:13)
14 verbose stack     at ChildProcess.emit (events.js:191:7)
14 verbose stack     at maybeClose (internal/child_process.js:852:16)
14 verbose stack     at Process.ChildProcess._handle.onexit (internal/child_process.js:215:5)
15 verbose pkgid hack-cabmates-api@1.0.0
16 verbose cwd /home/chanana/projects/hackslash/Api
17 error Linux 4.4.0-81-generic
18 error argv "/opt/node-v6.4.0-linux-x64/bin/node" "/opt/node/bin/npm" "start"
19 error node v6.4.0
20 error npm  v3.10.3
21 error code ELIFECYCLE
22 error hack-cabmates-api@1.0.0 start: `node ./dist/index.js`
22 error Exit status 1
23 error Failed at the hack-cabmates-api@1.0.0 start script 'node ./dist/index.js'.
23 error Make sure you have the latest version of node.js and npm installed.
23 error If you do, this is most likely a problem with the hack-cabmates-api package,
23 error not with npm itself.
23 error Tell the author that this fails on your system:
23 error     node ./dist/index.js
23 error You can get information on how to open an issue for this project with:
23 error     npm bugs hack-cabmates-api
23 error Or if that isn't available, you can get their info via:
23 error     npm owner ls hack-cabmates-api
23 error There is likely additional logging output above.
24 verbose exit [ 1, true ]
